[2023-05-11 16:34:00] Текст ошибки: Нет соединения с БД | Файл: C:\OpenServer\domains\Ishop2.loc\vendor\ishop\core\Db.php | Строка: 14
===============
[2023-05-11 17:11:19] Текст ошибки: Страница не найдена | Файл: C:\OpenServer\domains\Ishop2.loc\vendor\ishop\core\Router.php | Строка: 39
===============
[2023-05-11 17:11:30] Текст ошибки: Страница не найдена | Файл: C:\OpenServer\domains\Ishop2.loc\vendor\ishop\core\Router.php | Строка: 39
===============
[2023-05-12 10:31:07] Текст ошибки: Страница не найдена | Файл: C:\OpenServer\domains\Ishop2.loc\vendor\ishop\core\Router.php | Строка: 39
===============
[2023-05-12 10:31:07] Текст ошибки: Страница не найдена | Файл: C:\OpenServer\domains\Ishop2.loc\vendor\ishop\core\Router.php | Строка: 39
===============
[2023-05-12 10:31:07] Текст ошибки: Страница не найдена | Файл: C:\OpenServer\domains\Ishop2.loc\vendor\ishop\core\Router.php | Строка: 39
===============
[2023-05-12 10:31:07] Текст ошибки: Страница не найдена | Файл: C:\OpenServer\domains\Ishop2.loc\vendor\ishop\core\Router.php | Строка: 39
===============
[2023-05-12 10:31:07] Текст ошибки: Страница не найдена | Файл: C:\OpenServer\domains\Ishop2.loc\vendor\ishop\core\Router.php | Строка: 39
===============
[2023-05-12 10:31:07] Текст ошибки: Страница не найдена | Файл: C:\OpenServer\domains\Ishop2.loc\vendor\ishop\core\Router.php | Строка: 39
===============
[2023-05-12 10:31:07] Текст ошибки: Страница не найдена | Файл: C:\OpenServer\domains\Ishop2.loc\vendor\ishop\core\Router.php | Строка: 39
===============
[2023-05-12 10:31:07] Текст ошибки: Страница не найдена | Файл: C:\OpenServer\domains\Ishop2.loc\vendor\ishop\core\Router.php | Строка: 39
===============
[2023-05-12 10:31:07] Текст ошибки: Страница не найдена | Файл: C:\OpenServer\domains\Ishop2.loc\vendor\ishop\core\Router.php | Строка: 39
===============
[2023-05-12 10:31:07] Текст ошибки: Страница не найдена | Файл: C:\OpenServer\domains\Ishop2.loc\vendor\ishop\core\Router.php | Строка: 39
===============
[2023-05-12 10:31:07] Текст ошибки: Страница не найдена | Файл: C:\OpenServer\domains\Ishop2.loc\vendor\ishop\core\Router.php | Строка: 39
===============
[2023-05-12 10:31:07] Текст ошибки: Страница не найдена | Файл: C:\OpenServer\domains\Ishop2.loc\vendor\ishop\core\Router.php | Строка: 39
===============
[2023-05-12 10:31:07] Текст ошибки: Страница не найдена | Файл: C:\OpenServer\domains\Ishop2.loc\vendor\ishop\core\Router.php | Строка: 39
===============
[2023-05-12 10:31:07] Текст ошибки: Страница не найдена | Файл: C:\OpenServer\domains\Ishop2.loc\vendor\ishop\core\Router.php | Строка: 39
===============
[2023-05-12 10:31:07] Текст ошибки: Страница не найдена | Файл: C:\OpenServer\domains\Ishop2.loc\vendor\ishop\core\Router.php | Строка: 39
===============
[2023-05-12 10:31:07] Текст ошибки: Страница не найдена | Файл: C:\OpenServer\domains\Ishop2.loc\vendor\ishop\core\Router.php | Строка: 39
===============
[2023-05-12 10:31:07] Текст ошибки: Страница не найдена | Файл: C:\OpenServer\domains\Ishop2.loc\vendor\ishop\core\Router.php | Строка: 39
===============
[2023-05-12 10:31:07] Текст ошибки: Страница не найдена | Файл: C:\OpenServer\domains\Ishop2.loc\vendor\ishop\core\Router.php | Строка: 39
===============
[2023-05-12 10:31:07] Текст ошибки: Страница не найдена | Файл: C:\OpenServer\domains\Ishop2.loc\vendor\ishop\core\Router.php | Строка: 39
===============
[2023-05-12 10:31:07] Текст ошибки: Страница не найдена | Файл: C:\OpenServer\domains\Ishop2.loc\vendor\ishop\core\Router.php | Строка: 39
===============
[2023-05-12 10:31:07] Текст ошибки: Страница не найдена | Файл: C:\OpenServer\domains\Ishop2.loc\vendor\ishop\core\Router.php | Строка: 39
===============
[2023-05-12 10:31:07] Текст ошибки: Страница не найдена | Файл: C:\OpenServer\domains\Ishop2.loc\vendor\ishop\core\Router.php | Строка: 39
===============
[2023-05-12 10:31:07] Текст ошибки: Страница не найдена | Файл: C:\OpenServer\domains\Ishop2.loc\vendor\ishop\core\Router.php | Строка: 39
===============
[2023-05-12 10:31:07] Текст ошибки: Страница не найдена | Файл: C:\OpenServer\domains\Ishop2.loc\vendor\ishop\core\Router.php | Строка: 39
===============
[2023-05-12 10:31:07] Текст ошибки: Страница не найдена | Файл: C:\OpenServer\domains\Ishop2.loc\vendor\ishop\core\Router.php | Строка: 39
===============
[2023-05-12 10:31:07] Текст ошибки: Страница не найдена | Файл: C:\OpenServer\domains\Ishop2.loc\vendor\ishop\core\Router.php | Строка: 39
===============
[2023-05-12 10:31:07] Текст ошибки: Страница не найдена | Файл: C:\OpenServer\domains\Ishop2.loc\vendor\ishop\core\Router.php | Строка: 39
===============
[2023-05-12 10:31:07] Текст ошибки: Страница не найдена | Файл: C:\OpenServer\domains\Ishop2.loc\vendor\ishop\core\Router.php | Строка: 39
===============
[2023-05-12 10:31:07] Текст ошибки: Страница не найдена | Файл: C:\OpenServer\domains\Ishop2.loc\vendor\ishop\core\Router.php | Строка: 39
===============
[2023-05-12 10:31:07] Текст ошибки: Страница не найдена | Файл: C:\OpenServer\domains\Ishop2.loc\vendor\ishop\core\Router.php | Строка: 39
===============
[2023-05-12 10:31:07] Текст ошибки: Страница не найдена | Файл: C:\OpenServer\domains\Ishop2.loc\vendor\ishop\core\Router.php | Строка: 39
===============
[2023-05-12 10:31:20] Текст ошибки: Страница не найдена | Файл: C:\OpenServer\domains\Ishop2.loc\vendor\ishop\core\Router.php | Строка: 39
===============
[2023-05-12 10:31:20] Текст ошибки: Страница не найдена | Файл: C:\OpenServer\domains\Ishop2.loc\vendor\ishop\core\Router.php | Строка: 39
===============
[2023-05-12 10:31:20] Текст ошибки: Страница не найдена | Файл: C:\OpenServer\domains\Ishop2.loc\vendor\ishop\core\Router.php | Строка: 39
===============
[2023-05-12 10:31:20] Текст ошибки: Страница не найдена | Файл: C:\OpenServer\domains\Ishop2.loc\vendor\ishop\core\Router.php | Строка: 39
===============
[2023-05-12 10:31:20] Текст ошибки: Страница не найдена | Файл: C:\OpenServer\domains\Ishop2.loc\vendor\ishop\core\Router.php | Строка: 39
===============
[2023-05-12 10:31:20] Текст ошибки: Страница не найдена | Файл: C:\OpenServer\domains\Ishop2.loc\vendor\ishop\core\Router.php | Строка: 39
===============
[2023-05-12 10:31:20] Текст ошибки: Страница не найдена | Файл: C:\OpenServer\domains\Ishop2.loc\vendor\ishop\core\Router.php | Строка: 39
===============
[2023-05-12 10:31:20] Текст ошибки: Страница не найдена | Файл: C:\OpenServer\domains\Ishop2.loc\vendor\ishop\core\Router.php | Строка: 39
===============
[2023-05-12 10:31:20] Текст ошибки: Страница не найдена | Файл: C:\OpenServer\domains\Ishop2.loc\vendor\ishop\core\Router.php | Строка: 39
===============
[2023-05-12 10:31:20] Текст ошибки: Страница не найдена | Файл: C:\OpenServer\domains\Ishop2.loc\vendor\ishop\core\Router.php | Строка: 39
===============
[2023-05-12 10:31:20] Текст ошибки: Страница не найдена | Файл: C:\OpenServer\domains\Ishop2.loc\vendor\ishop\core\Router.php | Строка: 39
===============
[2023-05-12 10:31:20] Текст ошибки: Страница не найдена | Файл: C:\OpenServer\domains\Ishop2.loc\vendor\ishop\core\Router.php | Строка: 39
===============
[2023-05-12 10:31:20] Текст ошибки: Страница не найдена | Файл: C:\OpenServer\domains\Ishop2.loc\vendor\ishop\core\Router.php | Строка: 39
===============
[2023-05-12 10:31:20] Текст ошибки: Страница не найдена | Файл: C:\OpenServer\domains\Ishop2.loc\vendor\ishop\core\Router.php | Строка: 39
===============
[2023-05-12 10:31:20] Текст ошибки: Страница не найдена | Файл: C:\OpenServer\domains\Ishop2.loc\vendor\ishop\core\Router.php | Строка: 39
===============
[2023-05-12 10:31:20] Текст ошибки: Страница не найдена | Файл: C:\OpenServer\domains\Ishop2.loc\vendor\ishop\core\Router.php | Строка: 39
===============
[2023-05-12 10:31:20] Текст ошибки: Страница не найдена | Файл: C:\OpenServer\domains\Ishop2.loc\vendor\ishop\core\Router.php | Строка: 39
===============
[2023-05-12 10:31:20] Текст ошибки: Страница не найдена | Файл: C:\OpenServer\domains\Ishop2.loc\vendor\ishop\core\Router.php | Строка: 39
===============
[2023-05-12 10:31:20] Текст ошибки: Страница не найдена | Файл: C:\OpenServer\domains\Ishop2.loc\vendor\ishop\core\Router.php | Строка: 39
===============
[2023-05-12 10:31:20] Текст ошибки: Страница не найдена | Файл: C:\OpenServer\domains\Ishop2.loc\vendor\ishop\core\Router.php | Строка: 39
===============
[2023-05-12 10:31:20] Текст ошибки: Страница не найдена | Файл: C:\OpenServer\domains\Ishop2.loc\vendor\ishop\core\Router.php | Строка: 39
===============
[2023-05-12 10:31:20] Текст ошибки: Страница не найдена | Файл: C:\OpenServer\domains\Ishop2.loc\vendor\ishop\core\Router.php | Строка: 39
===============
[2023-05-12 10:31:20] Текст ошибки: Страница не найдена | Файл: C:\OpenServer\domains\Ishop2.loc\vendor\ishop\core\Router.php | Строка: 39
===============
[2023-05-12 10:31:20] Текст ошибки: Страница не найдена | Файл: C:\OpenServer\domains\Ishop2.loc\vendor\ishop\core\Router.php | Строка: 39
===============
[2023-05-12 10:50:21] Текст ошибки: Страница не найдена | Файл: C:\OpenServer\domains\Ishop2.loc\vendor\ishop\core\Router.php | Строка: 39
===============
[2023-05-12 10:50:21] Текст ошибки: Страница не найдена | Файл: C:\OpenServer\domains\Ishop2.loc\vendor\ishop\core\Router.php | Строка: 39
===============
[2023-05-12 10:50:21] Текст ошибки: Страница не найдена | Файл: C:\OpenServer\domains\Ishop2.loc\vendor\ishop\core\Router.php | Строка: 39
===============
[2023-05-12 10:50:21] Текст ошибки: Страница не найдена | Файл: C:\OpenServer\domains\Ishop2.loc\vendor\ishop\core\Router.php | Строка: 39
===============
[2023-05-12 10:50:21] Текст ошибки: Страница не найдена | Файл: C:\OpenServer\domains\Ishop2.loc\vendor\ishop\core\Router.php | Строка: 39
===============
[2023-05-12 10:50:21] Текст ошибки: Страница не найдена | Файл: C:\OpenServer\domains\Ishop2.loc\vendor\ishop\core\Router.php | Строка: 39
===============
[2023-05-12 10:50:21] Текст ошибки: Страница не найдена | Файл: C:\OpenServer\domains\Ishop2.loc\vendor\ishop\core\Router.php | Строка: 39
===============
[2023-05-12 10:50:21] Текст ошибки: Страница не найдена | Файл: C:\OpenServer\domains\Ishop2.loc\vendor\ishop\core\Router.php | Строка: 39
===============
[2023-05-12 10:50:21] Текст ошибки: Страница не найдена | Файл: C:\OpenServer\domains\Ishop2.loc\vendor\ishop\core\Router.php | Строка: 39
===============
[2023-05-12 10:50:21] Текст ошибки: Страница не найдена | Файл: C:\OpenServer\domains\Ishop2.loc\vendor\ishop\core\Router.php | Строка: 39
===============
[2023-05-12 10:50:21] Текст ошибки: Страница не найдена | Файл: C:\OpenServer\domains\Ishop2.loc\vendor\ishop\core\Router.php | Строка: 39
===============
[2023-05-12 10:50:21] Текст ошибки: Страница не найдена | Файл: C:\OpenServer\domains\Ishop2.loc\vendor\ishop\core\Router.php | Строка: 39
===============
[2023-05-12 10:50:21] Текст ошибки: Страница не найдена | Файл: C:\OpenServer\domains\Ishop2.loc\vendor\ishop\core\Router.php | Строка: 39
===============
[2023-05-12 10:50:21] Текст ошибки: Страница не найдена | Файл: C:\OpenServer\domains\Ishop2.loc\vendor\ishop\core\Router.php | Строка: 39
===============
[2023-05-12 10:50:21] Текст ошибки: Страница не найдена | Файл: C:\OpenServer\domains\Ishop2.loc\vendor\ishop\core\Router.php | Строка: 39
===============
[2023-05-12 10:50:21] Текст ошибки: Страница не найдена | Файл: C:\OpenServer\domains\Ishop2.loc\vendor\ishop\core\Router.php | Строка: 39
===============
[2023-05-12 10:50:21] Текст ошибки: Страница не найдена | Файл: C:\OpenServer\domains\Ishop2.loc\vendor\ishop\core\Router.php | Строка: 39
===============
[2023-05-12 10:50:21] Текст ошибки: Страница не найдена | Файл: C:\OpenServer\domains\Ishop2.loc\vendor\ishop\core\Router.php | Строка: 39
===============
[2023-05-12 10:50:21] Текст ошибки: Страница не найдена | Файл: C:\OpenServer\domains\Ishop2.loc\vendor\ishop\core\Router.php | Строка: 39
===============
[2023-05-12 10:50:21] Текст ошибки: Страница не найдена | Файл: C:\OpenServer\domains\Ishop2.loc\vendor\ishop\core\Router.php | Строка: 39
===============
[2023-05-12 10:50:21] Текст ошибки: Страница не найдена | Файл: C:\OpenServer\domains\Ishop2.loc\vendor\ishop\core\Router.php | Строка: 39
===============
[2023-05-12 10:50:21] Текст ошибки: Страница не найдена | Файл: C:\OpenServer\domains\Ishop2.loc\vendor\ishop\core\Router.php | Строка: 39
===============
[2023-05-12 10:50:21] Текст ошибки: Страница не найдена | Файл: C:\OpenServer\domains\Ishop2.loc\vendor\ishop\core\Router.php | Строка: 39
===============
[2023-05-12 10:51:42] Текст ошибки: Страница не найдена | Файл: C:\OpenServer\domains\Ishop2.loc\vendor\ishop\core\Router.php | Строка: 39
===============
[2023-05-12 13:33:37] Текст ошибки: Страница не найдена | Файл: C:\OpenServer\domains\Ishop2.loc\vendor\ishop\core\Router.php | Строка: 39
===============
[2023-05-12 22:19:34] Текст ошибки: Нет соединения с БД | Файл: C:\OSPanel\domains\Ishop2.loc\vendor\ishop\core\Db.php | Строка: 14
===============
[2023-05-12 22:19:34] Текст ошибки: Страница не найдена | Файл: C:\OSPanel\domains\Ishop2.loc\vendor\ishop\core\Router.php | Строка: 39
===============
[2023-05-12 22:21:43] Текст ошибки: Нет соединения с БД | Файл: C:\OSPanel\domains\Ishop2.loc\vendor\ishop\core\Db.php | Строка: 14
===============
[2023-05-12 22:21:54] Текст ошибки: Нет соединения с БД | Файл: C:\OSPanel\domains\Ishop2.loc\vendor\ishop\core\Db.php | Строка: 14
===============
[2023-05-12 22:34:09] Текст ошибки: Нет соединения с БД | Файл: C:\OSPanel\domains\Ishop2.loc\vendor\ishop\core\Db.php | Строка: 14
===============
[2023-05-12 22:34:09] Текст ошибки: Страница не найдена | Файл: C:\OSPanel\domains\Ishop2.loc\vendor\ishop\core\Router.php | Строка: 39
===============
[2023-05-12 22:34:20] Текст ошибки: Страница не найдена | Файл: C:\OSPanel\domains\Ishop2.loc\vendor\ishop\core\Router.php | Строка: 39
===============
[2023-05-12 22:34:21] Текст ошибки: Нет соединения с БД | Файл: C:\OSPanel\domains\Ishop2.loc\vendor\ishop\core\Db.php | Строка: 14
===============
[2023-05-12 22:53:09] Текст ошибки: Нет соединения с БД | Файл: C:\OSPanel\domains\Ishop2.loc\vendor\ishop\core\Db.php | Строка: 14
===============
[2023-05-12 22:53:48] Текст ошибки: Нет соединения с БД | Файл: C:\OSPanel\domains\Ishop2.loc\vendor\ishop\core\Db.php | Строка: 14
===============
[2023-05-12 22:53:50] Текст ошибки: Нет соединения с БД | Файл: C:\OSPanel\domains\Ishop2.loc\vendor\ishop\core\Db.php | Строка: 14
===============
[2023-05-12 22:54:17] Текст ошибки: Нет соединения с БД | Файл: C:\OSPanel\domains\Ishop2.loc\vendor\ishop\core\Db.php | Строка: 14
===============
[2023-05-12 22:54:18] Текст ошибки: Нет соединения с БД | Файл: C:\OSPanel\domains\Ishop2.loc\vendor\ishop\core\Db.php | Строка: 14
===============
[2023-05-12 22:54:59] Текст ошибки: Нет соединения с БД | Файл: C:\OSPanel\domains\Ishop2.loc\vendor\ishop\core\Db.php | Строка: 14
===============
[2023-05-12 22:54:59] Текст ошибки: Страница не найдена | Файл: C:\OSPanel\domains\Ishop2.loc\vendor\ishop\core\Router.php | Строка: 39
===============
[2023-05-12 22:56:59] Текст ошибки: Нет соединения с БД | Файл: C:\OSPanel\domains\Ishop2.loc\vendor\ishop\core\Db.php | Строка: 14
===============
[2023-05-12 22:57:23] Текст ошибки: Нет соединения с БД | Файл: C:\OSPanel\domains\Ishop2.loc\vendor\ishop\core\Db.php | Строка: 14
===============
[2023-05-12 22:57:32] Текст ошибки: Нет соединения с БД | Файл: C:\OSPanel\domains\Ishop2.loc\vendor\ishop\core\Db.php | Строка: 14
===============
[2023-05-12 22:57:34] Текст ошибки: Нет соединения с БД | Файл: C:\OSPanel\domains\Ishop2.loc\vendor\ishop\core\Db.php | Строка: 14
===============
[2023-05-12 22:58:15] Текст ошибки: Нет соединения с БД | Файл: C:\OSPanel\domains\Ishop2.loc\vendor\ishop\core\Db.php | Строка: 14
===============
[2023-05-12 22:58:17] Текст ошибки: Нет соединения с БД | Файл: C:\OSPanel\domains\Ishop2.loc\vendor\ishop\core\Db.php | Строка: 14
===============
[2023-05-12 22:58:30] Текст ошибки: Нет соединения с БД | Файл: C:\OSPanel\domains\Ishop2.loc\vendor\ishop\core\Db.php | Строка: 14
===============
[2023-05-22 23:18:15] Текст ошибки: SQLSTATE[42S22]: Column not found: 1054 Unknown column 'tittle' in 'field list' | Файл: C:\OSPanel\domains\Ishop2.loc\vendor\gabordemooij\redbean\RedBeanPHP\Driver\RPDO.php | Строка: 206
===============
[2023-05-22 23:18:15] Текст ошибки: Страница не найдена | Файл: C:\OSPanel\domains\Ishop2.loc\vendor\ishop\core\Router.php | Строка: 39
===============
[2023-05-22 23:18:29] Текст ошибки: SQLSTATE[42S22]: Column not found: 1054 Unknown column 'tittle' in 'field list' | Файл: C:\OSPanel\domains\Ishop2.loc\vendor\gabordemooij\redbean\RedBeanPHP\Driver\RPDO.php | Строка: 206
===============
[2023-05-22 23:18:48] Текст ошибки: Plugin 'getAssocc' does not exist, add this plugin using: R::ext('getAssocc') | Файл: C:\OSPanel\domains\Ishop2.loc\vendor\gabordemooij\redbean\RedBeanPHP\Facade.php | Строка: 3428
===============
[2023-05-22 23:19:13] Текст ошибки: syntax error, unexpected 'use' (T_USE), expecting '{' | Файл: C:\OSPanel\domains\Ishop2.loc\app\widgets\menu\Menu.php | Строка: 5
===============
[2023-05-22 23:20:14] Текст ошибки: Class 'app\widgets\menu\Menu' not found | Файл: C:\OSPanel\domains\Ishop2.loc\app\views\layouts\watches.php | Строка: 80
===============
[2023-05-22 23:24:01] Текст ошибки: Class 'app\widgets\menu\App' not found | Файл: C:\OSPanel\domains\Ishop2.loc\app\widgets\menu\Menu.php | Строка: 40
===============
[2023-05-22 23:25:50] Текст ошибки: Страница не найдена | Файл: C:\OSPanel\domains\Ishop2.loc\vendor\ishop\core\Router.php | Строка: 39
===============
[2023-05-22 23:26:46] Текст ошибки: Страница не найдена | Файл: C:\OSPanel\domains\Ishop2.loc\vendor\ishop\core\Router.php | Строка: 39
===============
[2023-05-22 23:27:12] Текст ошибки: Страница не найдена | Файл: C:\OSPanel\domains\Ishop2.loc\vendor\ishop\core\Router.php | Строка: 39
===============
[2023-05-22 23:27:13] Текст ошибки: Страница не найдена | Файл: C:\OSPanel\domains\Ishop2.loc\vendor\ishop\core\Router.php | Строка: 39
===============
[2023-05-22 23:27:19] Текст ошибки: Страница не найдена | Файл: C:\OSPanel\domains\Ishop2.loc\vendor\ishop\core\Router.php | Строка: 39
===============
[2023-05-22 23:34:21] Текст ошибки: Страница не найдена | Файл: C:\OSPanel\domains\Ishop2.loc\vendor\ishop\core\Router.php | Строка: 39
===============
[2023-05-22 23:34:22] Текст ошибки: Страница не найдена | Файл: C:\OSPanel\domains\Ishop2.loc\vendor\ishop\core\Router.php | Строка: 39
===============
[2023-05-22 23:39:44] Текст ошибки: Страница не найдена | Файл: C:\OSPanel\domains\Ishop2.loc\vendor\ishop\core\Router.php | Строка: 39
===============
[2023-05-22 23:41:41] Текст ошибки: Страница не найдена | Файл: C:\OSPanel\domains\Ishop2.loc\vendor\ishop\core\Router.php | Строка: 39
===============
